WARNING: Logging before flag parsing goes to stderr.
W0718 22:03:24.535624 139684058752768 lazy_loader.py:50] 
The TensorFlow contrib module will not be included in TensorFlow 2.0.
For more information, please see:
  * https://github.com/tensorflow/community/blob/master/rfcs/20180907-contrib-sunset.md
  * https://github.com/tensorflow/addons
  * https://github.com/tensorflow/io (for I/O related ops)
If you depend on functionality not listed there, please file an issue.

W0718 22:03:26.011466 139684058752768 kinect2.py:17] Unable to import pylibfreenect2. Python-only Kinect drivermay not work properly.
2019-07-18 22:03:36.556638: I tensorflow/stream_executor/platform/default/dso_loader.cc:44] Successfully opened dynamic library libcuda.so.1
2019-07-18 22:03:36.593580: I tensorflow/core/common_runtime/gpu/gpu_device.cc:1618] Found device 0 with properties: 
name: Tesla K80 major: 3 minor: 7 memoryClockRate(GHz): 0.8235
pciBusID: 0000:85:00.0
2019-07-18 22:03:36.593866: I tensorflow/stream_executor/platform/default/dso_loader.cc:44] Successfully opened dynamic library libcudart.so.10.0
2019-07-18 22:03:36.595626: I tensorflow/stream_executor/platform/default/dso_loader.cc:44] Successfully opened dynamic library libcublas.so.10.0
2019-07-18 22:03:36.596907: I tensorflow/stream_executor/platform/default/dso_loader.cc:44] Successfully opened dynamic library libcufft.so.10.0
2019-07-18 22:03:36.597238: I tensorflow/stream_executor/platform/default/dso_loader.cc:44] Successfully opened dynamic library libcurand.so.10.0
2019-07-18 22:03:36.599161: I tensorflow/stream_executor/platform/default/dso_loader.cc:44] Successfully opened dynamic library libcusolver.so.10.0
2019-07-18 22:03:36.600455: I tensorflow/stream_executor/platform/default/dso_loader.cc:44] Successfully opened dynamic library libcusparse.so.10.0
2019-07-18 22:03:36.603756: I tensorflow/stream_executor/platform/default/dso_loader.cc:44] Successfully opened dynamic library libcudnn.so.7
2019-07-18 22:03:36.606062: I tensorflow/core/common_runtime/gpu/gpu_device.cc:1746] Adding visible gpu devices: 0
2019-07-18 22:03:36.798448: I tensorflow/compiler/xla/service/service.cc:168] XLA service 0x5654627a07e0 executing computations on platform CUDA. Devices:
2019-07-18 22:03:36.798491: I tensorflow/compiler/xla/service/service.cc:175]   StreamExecutor device (0): Tesla K80, Compute Capability 3.7
2019-07-18 22:03:36.801355: I tensorflow/core/platform/profile_utils/cpu_utils.cc:94] CPU Frequency: 2800220000 Hz
2019-07-18 22:03:36.801536: I tensorflow/compiler/xla/service/service.cc:168] XLA service 0x565462814c10 executing computations on platform Host. Devices:
2019-07-18 22:03:36.801555: I tensorflow/compiler/xla/service/service.cc:175]   StreamExecutor device (0): <undefined>, <undefined>
2019-07-18 22:03:36.802718: I tensorflow/core/common_runtime/gpu/gpu_device.cc:1618] Found device 0 with properties: 
name: Tesla K80 major: 3 minor: 7 memoryClockRate(GHz): 0.8235
pciBusID: 0000:85:00.0
2019-07-18 22:03:36.802787: I tensorflow/stream_executor/platform/default/dso_loader.cc:44] Successfully opened dynamic library libcudart.so.10.0
2019-07-18 22:03:36.802815: I tensorflow/stream_executor/platform/default/dso_loader.cc:44] Successfully opened dynamic library libcublas.so.10.0
2019-07-18 22:03:36.802839: I tensorflow/stream_executor/platform/default/dso_loader.cc:44] Successfully opened dynamic library libcufft.so.10.0
2019-07-18 22:03:36.802864: I tensorflow/stream_executor/platform/default/dso_loader.cc:44] Successfully opened dynamic library libcurand.so.10.0
2019-07-18 22:03:36.802888: I tensorflow/stream_executor/platform/default/dso_loader.cc:44] Successfully opened dynamic library libcusolver.so.10.0
2019-07-18 22:03:36.802912: I tensorflow/stream_executor/platform/default/dso_loader.cc:44] Successfully opened dynamic library libcusparse.so.10.0
2019-07-18 22:03:36.802937: I tensorflow/stream_executor/platform/default/dso_loader.cc:44] Successfully opened dynamic library libcudnn.so.7
2019-07-18 22:03:36.804904: I tensorflow/core/common_runtime/gpu/gpu_device.cc:1746] Adding visible gpu devices: 0
2019-07-18 22:03:36.804958: I tensorflow/stream_executor/platform/default/dso_loader.cc:44] Successfully opened dynamic library libcudart.so.10.0
2019-07-18 22:03:36.806648: I tensorflow/core/common_runtime/gpu/gpu_device.cc:1159] Device interconnect StreamExecutor with strength 1 edge matrix:
2019-07-18 22:03:36.806667: I tensorflow/core/common_runtime/gpu/gpu_device.cc:1165]      0 
2019-07-18 22:03:36.806675: I tensorflow/core/common_runtime/gpu/gpu_device.cc:1178] 0:   N 
2019-07-18 22:03:36.808962: I tensorflow/core/common_runtime/gpu/gpu_device.cc:1304] Created TensorFlow device (/job:localhost/replica:0/task:0/device:GPU:0 with 10802 MB memory) -> physical GPU (device: 0, name: Tesla K80, pci bus id: 0000:85:00.0, compute capability: 3.7)
/cvgl2/u/qinzy/research/kptog/tools/../robovat/grasp/image_grasp_sampler.py:57: RuntimeWarning: invalid value encountered in arccos
  in_cone_2 = (np.arccos(n2.dot(v)) < alpha)
/cvgl2/u/qinzy/research/kptog/tools/../robovat/grasp/image_grasp_sampler.py:56: RuntimeWarning: invalid value encountered in arccos
  in_cone_1 = (np.arccos(n1.dot(-v)) < alpha)
